{"C:\\projetos\\functional-programming-show-code\\assets\\addtemporary\\add.js": {"path":"C:\\projetos\\functional-programming-show-code\\assets\\addtemporary\\add.js","statementMap":{"0":{"start":{"line":4,"column":29},"end":{"line":4,"column":68}},"1":{"start":{"line":4,"column":49},"end":{"line":4,"column":68}},"2":{"start":{"line":6,"column":0},"end":{"line":10,"column":1}},"3":{"start":{"line":7,"column":4},"end":{"line":7,"column":44}},"4":{"start":{"line":9,"column":4},"end":{"line":9,"column":22}}},"fnMap":{"0":{"name":"(anonymous_0)","decl":{"start":{"line":4,"column":29},"end":{"line":4,"column":30}},"loc":{"start":{"line":4,"column":49},"end":{"line":4,"column":68}},"line":4}},"branchMap":{},"s":{"0":1,"1":1,"2":1,"3":1,"4":0},"f":{"0":1},"b":{},"_coverageSchema":"1a1c01bbd47fc00a2c39e90264f33305004495a9","hash":"81a8b9cb1117cba61de3882f252a9a67633b0be9"}
,"C:\\projetos\\functional-programming-show-code\\assets\\appendemail\\appendemail.js": {"path":"C:\\projetos\\functional-programming-show-code\\assets\\appendemail\\appendemail.js","statementMap":{"0":{"start":{"line":2,"column":4},"end":{"line":2,"column":80}},"1":{"start":{"line":5,"column":0},"end":{"line":9,"column":1}},"2":{"start":{"line":6,"column":4},"end":{"line":6,"column":35}},"3":{"start":{"line":8,"column":4},"end":{"line":8,"column":22}}},"fnMap":{"0":{"name":"appendEmail","decl":{"start":{"line":1,"column":9},"end":{"line":1,"column":20}},"loc":{"start":{"line":1,"column":31},"end":{"line":3,"column":1}},"line":1}},"branchMap":{},"s":{"0":1,"1":1,"2":1,"3":0},"f":{"0":1},"b":{},"_coverageSchema":"1a1c01bbd47fc00a2c39e90264f33305004495a9","hash":"9805f47f414f62b2ee68a002494d7aeb6a6741bd"}
,"C:\\projetos\\functional-programming-show-code\\assets\\currying\\currying.js": {"path":"C:\\projetos\\functional-programming-show-code\\assets\\currying\\currying.js","statementMap":{"0":{"start":{"line":1,"column":15},"end":{"line":3,"column":1}},"1":{"start":{"line":2,"column":26},"end":{"line":2,"column":67}},"2":{"start":{"line":6,"column":4},"end":{"line":17,"column":5}},"3":{"start":{"line":7,"column":8},"end":{"line":15,"column":9}},"4":{"start":{"line":8,"column":29},"end":{"line":8,"column":51}},"5":{"start":{"line":10,"column":12},"end":{"line":10,"column":47}},"6":{"start":{"line":11,"column":15},"end":{"line":15,"column":9}},"7":{"start":{"line":12,"column":29},"end":{"line":12,"column":50}},"8":{"start":{"line":14,"column":12},"end":{"line":14,"column":47}},"9":{"start":{"line":16,"column":8},"end":{"line":16,"column":31}},"10":{"start":{"line":20,"column":0},"end":{"line":22,"column":31}},"11":{"start":{"line":21,"column":4},"end":{"line":21,"column":48}},"12":{"start":{"line":22,"column":12},"end":{"line":22,"column":30}}},"fnMap":{"0":{"name":"(anonymous_0)","decl":{"start":{"line":2,"column":17},"end":{"line":2,"column":18}},"loc":{"start":{"line":2,"column":26},"end":{"line":2,"column":67}},"line":2},"1":{"name":"curryingEmployee","decl":{"start":{"line":5,"column":9},"end":{"line":5,"column":25}},"loc":{"start":{"line":5,"column":36},"end":{"line":18,"column":1}},"line":5},"2":{"name":"(anonymous_2)","decl":{"start":{"line":6,"column":11},"end":{"line":6,"column":12}},"loc":{"start":{"line":6,"column":39},"end":{"line":17,"column":5}},"line":6}},"branchMap":{"0":{"loc":{"start":{"line":7,"column":8},"end":{"line":15,"column":9}},"type":"if","locations":[{"start":{"line":7,"column":8},"end":{"line":15,"column":9}},{"start":{"line":7,"column":8},"end":{"line":15,"column":9}}],"line":7},"1":{"loc":{"start":{"line":11,"column":15},"end":{"line":15,"column":9}},"type":"if","locations":[{"start":{"line":11,"column":15},"end":{"line":15,"column":9}},{"start":{"line":11,"column":15},"end":{"line":15,"column":9}}],"line":11}},"s":{"0":1,"1":2,"2":3,"3":3,"4":1,"5":1,"6":2,"7":1,"8":1,"9":1,"10":1,"11":1,"12":0},"f":{"0":2,"1":3,"2":3},"b":{"0":[1,2],"1":[1,1]},"_coverageSchema":"1a1c01bbd47fc00a2c39e90264f33305004495a9","hash":"8ccb247561f0de52cef462f02ddbf296b26e8bd3"}
,"C:\\projetos\\functional-programming-show-code\\assets\\find\\find.js": {"path":"C:\\projetos\\functional-programming-show-code\\assets\\find\\find.js","statementMap":{"0":{"start":{"line":10,"column":23},"end":{"line":12,"column":2}},"1":{"start":{"line":10,"column":35},"end":{"line":12,"column":2}},"2":{"start":{"line":10,"column":51},"end":{"line":12,"column":2}},"3":{"start":{"line":11,"column":4},"end":{"line":11,"column":48}},"4":{"start":{"line":14,"column":0},"end":{"line":18,"column":1}},"5":{"start":{"line":15,"column":4},"end":{"line":15,"column":38}},"6":{"start":{"line":17,"column":4},"end":{"line":17,"column":22}}},"fnMap":{"0":{"name":"(anonymous_0)","decl":{"start":{"line":10,"column":23},"end":{"line":10,"column":24}},"loc":{"start":{"line":10,"column":35},"end":{"line":12,"column":2}},"line":10},"1":{"name":"(anonymous_1)","decl":{"start":{"line":10,"column":35},"end":{"line":10,"column":36}},"loc":{"start":{"line":10,"column":51},"end":{"line":12,"column":2}},"line":10},"2":{"name":"(anonymous_2)","decl":{"start":{"line":10,"column":67},"end":{"line":10,"column":68}},"loc":{"start":{"line":11,"column":4},"end":{"line":11,"column":48}},"line":11}},"branchMap":{},"s":{"0":4,"1":4,"2":6,"3":37,"4":4,"5":4,"6":0},"f":{"0":4,"1":6,"2":37},"b":{},"_coverageSchema":"1a1c01bbd47fc00a2c39e90264f33305004495a9","hash":"46872faac18eef1ba59f5917b2f2ed2bc3c250ef"}
,"C:\\projetos\\functional-programming-show-code\\assets\\group\\group.js": {"path":"C:\\projetos\\functional-programming-show-code\\assets\\group\\group.js","statementMap":{"0":{"start":{"line":11,"column":25},"end":{"line":14,"column":6}},"1":{"start":{"line":11,"column":42},"end":{"line":14,"column":6}},"2":{"start":{"line":12,"column":4},"end":{"line":12,"column":64}},"3":{"start":{"line":13,"column":4},"end":{"line":13,"column":16}},"4":{"start":{"line":17,"column":0},"end":{"line":19,"column":31}},"5":{"start":{"line":18,"column":4},"end":{"line":18,"column":41}},"6":{"start":{"line":19,"column":12},"end":{"line":19,"column":30}}},"fnMap":{"0":{"name":"(anonymous_0)","decl":{"start":{"line":11,"column":25},"end":{"line":11,"column":26}},"loc":{"start":{"line":11,"column":42},"end":{"line":14,"column":6}},"line":11},"1":{"name":"(anonymous_1)","decl":{"start":{"line":11,"column":54},"end":{"line":11,"column":55}},"loc":{"start":{"line":11,"column":71},"end":{"line":14,"column":1}},"line":11}},"branchMap":{"0":{"loc":{"start":{"line":12,"column":26},"end":{"line":12,"column":50}},"type":"binary-expr","locations":[{"start":{"line":12,"column":26},"end":{"line":12,"column":44}},{"start":{"line":12,"column":48},"end":{"line":12,"column":50}}],"line":12}},"s":{"0":1,"1":1,"2":6,"3":6,"4":1,"5":1,"6":0},"f":{"0":1,"1":6},"b":{"0":[6,5]},"_coverageSchema":"1a1c01bbd47fc00a2c39e90264f33305004495a9","hash":"bc2ae4d4520d56ae793a11e0697fae778a29898e"}
}
