TN:
SF:assets\addtemporary\add.js
FN:4,(anonymous_0)
FNF:1
FNH:1
FNDA:1,(anonymous_0)
DA:4,1
DA:6,1
DA:7,1
DA:9,0
LF:4
LH:3
BRF:0
BRH:0
end_of_record
TN:
SF:assets\appendemail\appendemail.js
FN:1,appendEmail
FNF:1
FNH:1
FNDA:1,appendEmail
DA:2,1
DA:5,1
DA:6,1
DA:8,0
LF:4
LH:3
BRF:0
BRH:0
end_of_record
TN:
SF:assets\currying\currying.js
FN:2,(anonymous_0)
FN:5,curryingEmployee
FN:6,(anonymous_2)
FNF:3
FNH:3
FNDA:2,(anonymous_0)
FNDA:3,curryingEmployee
FNDA:3,(anonymous_2)
DA:1,1
DA:2,2
DA:6,3
DA:7,3
DA:8,1
DA:10,1
DA:11,2
DA:12,1
DA:14,1
DA:16,1
DA:20,1
DA:21,1
DA:22,0
LF:13
LH:12
BRDA:7,0,0,1
BRDA:7,0,1,2
BRDA:11,1,0,1
BRDA:11,1,1,1
BRF:4
BRH:4
end_of_record
TN:
SF:assets\find\find.js
FN:10,(anonymous_0)
FN:10,(anonymous_1)
FN:10,(anonymous_2)
FNF:3
FNH:3
FNDA:4,(anonymous_0)
FNDA:6,(anonymous_1)
FNDA:37,(anonymous_2)
DA:10,6
DA:11,37
DA:14,4
DA:15,4
DA:17,0
LF:5
LH:4
BRF:0
BRH:0
end_of_record
TN:
SF:assets\group\group.js
FN:11,(anonymous_0)
FN:11,(anonymous_1)
FNF:2
FNH:2
FNDA:1,(anonymous_0)
FNDA:6,(anonymous_1)
DA:11,1
DA:12,6
DA:13,6
DA:17,1
DA:18,1
DA:19,0
LF:6
LH:5
BRDA:12,0,0,6
BRDA:12,0,1,5
BRF:2
BRH:2
end_of_record
